[2025-06-27T07:21:05.315+0000] {local_task_job_runner.py:120} INFO - ::group::Pre task execution logs
[2025-06-27T07:21:05.391+0000] {taskinstance.py:2076} INFO - Dependencies all met for dep_context=non-requeueable deps ti=<TaskInstance: CARGA_MEDIDORES.run_hop_pipeline scheduled__2025-06-27T06:21:00+00:00 [queued]>
[2025-06-27T07:21:05.422+0000] {taskinstance.py:2076} INFO - Dependencies all met for dep_context=requeueable deps ti=<TaskInstance: CARGA_MEDIDORES.run_hop_pipeline scheduled__2025-06-27T06:21:00+00:00 [queued]>
[2025-06-27T07:21:05.423+0000] {taskinstance.py:2306} INFO - Starting attempt 1 of 2
[2025-06-27T07:21:05.464+0000] {taskinstance.py:2330} INFO - Executing <Task(DockerOperator): run_hop_pipeline> on 2025-06-27 06:21:00+00:00
[2025-06-27T07:21:05.482+0000] {warnings.py:110} WARNING - /home/***/.local/lib/python3.12/site-packages/***/task/task_runner/standard_task_runner.py:61: DeprecationWarning: This process (pid=75) is multi-threaded, use of fork() may lead to deadlocks in the child.
  pid = os.fork()

[2025-06-27T07:21:05.488+0000] {standard_task_runner.py:63} INFO - Started process 77 to run task
[2025-06-27T07:21:05.487+0000] {standard_task_runner.py:90} INFO - Running: ['***', 'tasks', 'run', 'CARGA_MEDIDORES', 'run_hop_pipeline', 'scheduled__2025-06-27T06:21:00+00:00', '--job-id', '9', '--raw', '--subdir', 'DAGS_FOLDER/apache-hop-dag-pipeline-carga-medidores.py', '--cfg-path', '/tmp/tmpmmc8b2gi']
[2025-06-27T07:21:05.490+0000] {standard_task_runner.py:91} INFO - Job 9: Subtask run_hop_pipeline
[2025-06-27T07:21:05.687+0000] {task_command.py:426} INFO - Running <TaskInstance: CARGA_MEDIDORES.run_hop_pipeline scheduled__2025-06-27T06:21:00+00:00 [running]> on host 5e15c4a8eeb7
[2025-06-27T07:21:06.046+0000] {taskinstance.py:2648} INFO - Exporting env vars: AIRFLOW_CTX_DAG_OWNER='***' AIRFLOW_CTX_DAG_ID='CARGA_MEDIDORES' AIRFLOW_CTX_TASK_ID='run_hop_pipeline' AIRFLOW_CTX_EXECUTION_DATE='2025-06-27T06:21:00+00:00' AIRFLOW_CTX_TRY_NUMBER='1' AIRFLOW_CTX_DAG_RUN_ID='scheduled__2025-06-27T06:21:00+00:00'
[2025-06-27T07:21:06.061+0000] {taskinstance.py:430} INFO - ::endgroup::
[2025-06-27T07:21:06.398+0000] {docker.py:366} INFO - Starting docker container from image apache/hop:latest
[2025-06-27T07:21:06.444+0000] {docker.py:374} WARNING - Using remote engine or docker-in-docker and mounting temporary volume from host is not supported. Falling back to `mount_tmp_dir=False` mode. You can set `mount_tmp_dir` parameter to False to disable mounting and remove the warning
[2025-06-27T07:21:08.292+0000] {docker.py:436} INFO - 2025/06/27 07:21:08 - Running the entrypoint script with PID 7
[2025-06-27T07:21:08.312+0000] {docker.py:436} INFO - 2025/06/27 07:21:08 - The project folder for ProyectoSmartMed is set to: /files
[2025-06-27T07:21:08.321+0000] {docker.py:436} INFO - 2025/06/27 07:21:08 - The specified project folder exists
[2025-06-27T07:21:08.378+0000] {docker.py:436} INFO - 2025/06/27 07:21:08 - Registering project ProyectoSmartMed in the Hop container configuration
[2025-06-27T07:21:08.409+0000] {docker.py:436} INFO - 2025/06/27 07:21:08 - /opt/hop/hop-conf.sh --project=ProyectoSmartMed --project-create --project-home='/files' --project-config-file='project-config.json'
[2025-06-27T07:22:38.168+0000] {docker.py:436} INFO - Creating project 'ProyectoSmartMed'
[2025-06-27T07:22:38.903+0000] {docker.py:436} INFO - Project 'ProyectoSmartMed' was created for home folder : /files
[2025-06-27T07:22:39.182+0000] {docker.py:436} INFO - Configuration file for project 'ProyectoSmartMed' was saved to : file:/files/project-config.json
[2025-06-27T07:22:39.572+0000] {docker.py:436} INFO - 2025/06/27 07:22:39 - Not creating an environment in the container
[2025-06-27T07:22:39.577+0000] {docker.py:436} INFO - 2025/06/27 07:22:39 - Running a single hop workflow / pipeline (${PROJECT_HOME}/Pipelines/CARGA_MEDIDORES.hpl)
[2025-06-27T07:23:07.347+0000] {docker.py:436} INFO - 2025/06/27 07:23:07 - HopRun - Enabling project 'ProyectoSmartMed'
[2025-06-27T07:23:07.810+0000] {docker.py:436} INFO - 2025/06/27 07:23:07 - HopRun - Starting pipeline: /files/Pipelines/CARGA_MEDIDORES.hpl
[2025-06-27T07:23:07.811+0000] {docker.py:436} INFO - 2025/06/27 07:23:07 - CARGA_MEDIDORES - Executing this pipeline using the Local Pipeline Engine with run configuration 'local'
[2025-06-27T07:23:07.850+0000] {docker.py:436} INFO - 2025/06/27 07:23:07 - CARGA_MEDIDORES - Execution started for pipeline [CARGA_MEDIDORES]
[2025-06-27T07:23:18.394+0000] {docker.py:436} INFO - 2025/06/27 07:23:18 - as_meter.0 - Finished reading query, closing connection.
[2025-06-27T07:23:18.395+0000] {docker.py:436} INFO - 2025/06/27 07:23:18 - as_meter.0 - Finished processing (I=32434, O=0, R=0, W=32434, U=0, E=0)
[2025-06-27T07:23:18.737+0000] {docker.py:436} INFO - 2025/06/27 07:23:18 - medidores.0 - Finished processing (I=0, O=32435, R=32434, W=32434, U=0, E=0)
[2025-06-27T07:23:18.744+0000] {docker.py:436} INFO - 2025/06/27 07:23:18 - CARGA_MEDIDORES - Pipeline duration : 10.932 seconds [ 10.932" ]
[2025-06-27T07:23:18.777+0000] {docker.py:436} INFO - HopRun exit.
2025/06/27 07:23:18 - CARGA_MEDIDORES - Execution finished on a local pipeline engine with run configuration 'local'
[2025-06-27T07:23:19.239+0000] {taskinstance.py:441} INFO - ::group::Post task execution logs
[2025-06-27T07:23:19.284+0000] {taskinstance.py:1206} INFO - Marking task as SUCCESS. dag_id=CARGA_MEDIDORES, task_id=run_hop_pipeline, run_id=scheduled__2025-06-27T06:21:00+00:00, execution_date=20250627T062100, start_date=20250627T072105, end_date=20250627T072319
[2025-06-27T07:23:19.352+0000] {local_task_job_runner.py:240} INFO - Task exited with return code 0
[2025-06-27T07:23:19.429+0000] {taskinstance.py:3498} INFO - 0 downstream tasks scheduled from follow-on schedule check
[2025-06-27T07:23:19.435+0000] {local_task_job_runner.py:222} INFO - ::endgroup::
[2025-06-27T07:37:09.176+0000] {local_task_job_runner.py:120} INFO - ::group::Pre task execution logs
[2025-06-27T07:37:09.227+0000] {taskinstance.py:2076} INFO - Dependencies all met for dep_context=non-requeueable deps ti=<TaskInstance: CARGA_MEDIDORES.run_hop_pipeline scheduled__2025-06-27T06:21:00+00:00 [queued]>
[2025-06-27T07:37:09.241+0000] {taskinstance.py:2076} INFO - Dependencies all met for dep_context=requeueable deps ti=<TaskInstance: CARGA_MEDIDORES.run_hop_pipeline scheduled__2025-06-27T06:21:00+00:00 [queued]>
[2025-06-27T07:37:09.241+0000] {taskinstance.py:2306} INFO - Starting attempt 1 of 2
[2025-06-27T07:37:09.265+0000] {taskinstance.py:2330} INFO - Executing <Task(DockerOperator): run_hop_pipeline> on 2025-06-27 06:21:00+00:00
[2025-06-27T07:37:09.276+0000] {warnings.py:110} WARNING - /home/***/.local/lib/python3.12/site-packages/***/task/task_runner/standard_task_runner.py:61: DeprecationWarning: This process (pid=66) is multi-threaded, use of fork() may lead to deadlocks in the child.
  pid = os.fork()

[2025-06-27T07:37:09.282+0000] {standard_task_runner.py:90} INFO - Running: ['***', 'tasks', 'run', 'CARGA_MEDIDORES', 'run_hop_pipeline', 'scheduled__2025-06-27T06:21:00+00:00', '--job-id', '6', '--raw', '--subdir', 'DAGS_FOLDER/apache-hop-dag-pipeline-carga-medidores.py', '--cfg-path', '/tmp/tmp_vi4tq70']
[2025-06-27T07:37:09.284+0000] {standard_task_runner.py:63} INFO - Started process 70 to run task
[2025-06-27T07:37:09.284+0000] {standard_task_runner.py:91} INFO - Job 6: Subtask run_hop_pipeline
[2025-06-27T07:37:09.431+0000] {task_command.py:426} INFO - Running <TaskInstance: CARGA_MEDIDORES.run_hop_pipeline scheduled__2025-06-27T06:21:00+00:00 [running]> on host ec14a5b8088e
[2025-06-27T07:37:09.610+0000] {taskinstance.py:2648} INFO - Exporting env vars: AIRFLOW_CTX_DAG_OWNER='***' AIRFLOW_CTX_DAG_ID='CARGA_MEDIDORES' AIRFLOW_CTX_TASK_ID='run_hop_pipeline' AIRFLOW_CTX_EXECUTION_DATE='2025-06-27T06:21:00+00:00' AIRFLOW_CTX_TRY_NUMBER='1' AIRFLOW_CTX_DAG_RUN_ID='scheduled__2025-06-27T06:21:00+00:00'
[2025-06-27T07:37:09.611+0000] {taskinstance.py:430} INFO - ::endgroup::
[2025-06-27T07:37:09.834+0000] {docker.py:366} INFO - Starting docker container from image apache/hop:latest
[2025-06-27T07:37:09.863+0000] {docker.py:374} WARNING - Using remote engine or docker-in-docker and mounting temporary volume from host is not supported. Falling back to `mount_tmp_dir=False` mode. You can set `mount_tmp_dir` parameter to False to disable mounting and remove the warning
[2025-06-27T07:37:10.797+0000] {docker.py:436} INFO - 2025/06/27 07:37:10 - Running the entrypoint script with PID 6
[2025-06-27T07:37:10.800+0000] {docker.py:436} INFO - 2025/06/27 07:37:10 - The project folder for ProyectoSmartMed is set to: /files
[2025-06-27T07:37:10.802+0000] {docker.py:436} INFO - 2025/06/27 07:37:10 - The specified project folder exists
[2025-06-27T07:37:10.803+0000] {docker.py:436} INFO - 2025/06/27 07:37:10 - Registering project ProyectoSmartMed in the Hop container configuration
[2025-06-27T07:37:10.804+0000] {docker.py:436} INFO - 2025/06/27 07:37:10 - /opt/hop/hop-conf.sh --project=ProyectoSmartMed --project-create --project-home='/files' --project-config-file='project-config.json'
[2025-06-27T07:38:03.375+0000] {docker.py:436} INFO - Creating project 'ProyectoSmartMed'
[2025-06-27T07:38:03.908+0000] {docker.py:436} INFO - Project 'ProyectoSmartMed' was created for home folder : /files
[2025-06-27T07:38:04.180+0000] {docker.py:436} INFO - Configuration file for project 'ProyectoSmartMed' was saved to : file:/files/project-config.json
[2025-06-27T07:38:04.428+0000] {docker.py:436} INFO - 2025/06/27 07:38:04 - Not creating an environment in the container
[2025-06-27T07:38:04.441+0000] {docker.py:436} INFO - 2025/06/27 07:38:04 - Running a single hop workflow / pipeline (${PROJECT_HOME}/Pipelines/CARGA_MEDIDORES.hpl)
[2025-06-27T07:38:31.118+0000] {docker.py:436} INFO - 2025/06/27 07:38:31 - HopRun - Enabling project 'ProyectoSmartMed'
[2025-06-27T07:38:31.860+0000] {docker.py:436} INFO - 2025/06/27 07:38:31 - HopRun - Starting pipeline: /files/Pipelines/CARGA_MEDIDORES.hpl
[2025-06-27T07:38:31.879+0000] {docker.py:436} INFO - 2025/06/27 07:38:31 - CARGA_MEDIDORES - Executing this pipeline using the Local Pipeline Engine with run configuration 'local'
[2025-06-27T07:38:31.929+0000] {docker.py:436} INFO - 2025/06/27 07:38:31 - CARGA_MEDIDORES - Execution started for pipeline [CARGA_MEDIDORES]
[2025-06-27T07:38:44.047+0000] {docker.py:436} INFO - 2025/06/27 07:38:44 - as_meter.0 - Finished reading query, closing connection.
[2025-06-27T07:38:44.053+0000] {docker.py:436} INFO - 2025/06/27 07:38:44 - as_meter.0 - Finished processing (I=32434, O=0, R=0, W=32434, U=0, E=0)
[2025-06-27T07:38:44.540+0000] {docker.py:436} INFO - 2025/06/27 07:38:44 - medidores.0 - Finished processing (I=0, O=32435, R=32434, W=32434, U=0, E=0)
[2025-06-27T07:38:44.546+0000] {docker.py:436} INFO - 2025/06/27 07:38:44 - CARGA_MEDIDORES - Pipeline duration : 12.675 seconds [ 12.675" ]
[2025-06-27T07:38:44.617+0000] {docker.py:436} INFO - HopRun exit.
[2025-06-27T07:38:44.621+0000] {docker.py:436} INFO - 2025/06/27 07:38:44 - CARGA_MEDIDORES - Execution finished on a local pipeline engine with run configuration 'local'
[2025-06-27T07:38:45.228+0000] {taskinstance.py:441} INFO - ::group::Post task execution logs
[2025-06-27T07:38:45.284+0000] {taskinstance.py:1206} INFO - Marking task as SUCCESS. dag_id=CARGA_MEDIDORES, task_id=run_hop_pipeline, run_id=scheduled__2025-06-27T06:21:00+00:00, execution_date=20250627T062100, start_date=20250627T073709, end_date=20250627T073845
[2025-06-27T07:38:45.361+0000] {local_task_job_runner.py:240} INFO - Task exited with return code 0
[2025-06-27T07:38:45.387+0000] {local_task_job_runner.py:222} INFO - ::endgroup::
