[2025-06-27T06:46:18.197+0000] {local_task_job_runner.py:120} INFO - ::group::Pre task execution logs
[2025-06-27T06:46:18.246+0000] {taskinstance.py:2076} INFO - Dependencies all met for dep_context=non-requeueable deps ti=<TaskInstance: CARGA_MEDIDORES.run_hop_pipeline scheduled__2025-06-27T05:21:00+00:00 [queued]>
[2025-06-27T06:46:18.270+0000] {taskinstance.py:2076} INFO - Dependencies all met for dep_context=requeueable deps ti=<TaskInstance: CARGA_MEDIDORES.run_hop_pipeline scheduled__2025-06-27T05:21:00+00:00 [queued]>
[2025-06-27T06:46:18.276+0000] {taskinstance.py:2306} INFO - Starting attempt 1 of 2
[2025-06-27T06:46:18.309+0000] {taskinstance.py:2330} INFO - Executing <Task(DockerOperator): run_hop_pipeline> on 2025-06-27 05:21:00+00:00
[2025-06-27T06:46:18.325+0000] {warnings.py:110} WARNING - /home/***/.local/lib/python3.12/site-packages/***/task/task_runner/standard_task_runner.py:61: DeprecationWarning: This process (pid=67) is multi-threaded, use of fork() may lead to deadlocks in the child.
  pid = os.fork()

[2025-06-27T06:46:18.329+0000] {standard_task_runner.py:63} INFO - Started process 69 to run task
[2025-06-27T06:46:18.325+0000] {standard_task_runner.py:90} INFO - Running: ['***', 'tasks', 'run', 'CARGA_MEDIDORES', 'run_hop_pipeline', 'scheduled__2025-06-27T05:21:00+00:00', '--job-id', '3', '--raw', '--subdir', 'DAGS_FOLDER/apache-hop-dag-pipeline-carga-medidores.py', '--cfg-path', '/tmp/tmp9kzpsfa2']
[2025-06-27T06:46:18.335+0000] {standard_task_runner.py:91} INFO - Job 3: Subtask run_hop_pipeline
[2025-06-27T06:46:18.499+0000] {task_command.py:426} INFO - Running <TaskInstance: CARGA_MEDIDORES.run_hop_pipeline scheduled__2025-06-27T05:21:00+00:00 [running]> on host eefc0d82eb46
[2025-06-27T06:46:18.775+0000] {taskinstance.py:2648} INFO - Exporting env vars: AIRFLOW_CTX_DAG_OWNER='***' AIRFLOW_CTX_DAG_ID='CARGA_MEDIDORES' AIRFLOW_CTX_TASK_ID='run_hop_pipeline' AIRFLOW_CTX_EXECUTION_DATE='2025-06-27T05:21:00+00:00' AIRFLOW_CTX_TRY_NUMBER='1' AIRFLOW_CTX_DAG_RUN_ID='scheduled__2025-06-27T05:21:00+00:00'
[2025-06-27T06:46:18.778+0000] {taskinstance.py:430} INFO - ::endgroup::
[2025-06-27T06:46:19.016+0000] {docker.py:366} INFO - Starting docker container from image apache/hop:latest
[2025-06-27T06:46:19.043+0000] {docker.py:374} WARNING - Using remote engine or docker-in-docker and mounting temporary volume from host is not supported. Falling back to `mount_tmp_dir=False` mode. You can set `mount_tmp_dir` parameter to False to disable mounting and remove the warning
[2025-06-27T06:46:20.435+0000] {docker.py:436} INFO - 2025/06/27 06:46:20 - Running the entrypoint script with PID 7
[2025-06-27T06:46:20.437+0000] {docker.py:436} INFO - 2025/06/27 06:46:20 - The project folder for ProyectoSmartMed is set to: /files
[2025-06-27T06:46:20.440+0000] {docker.py:436} INFO - 2025/06/27 06:46:20 - The specified project folder exists
[2025-06-27T06:46:20.446+0000] {docker.py:436} INFO - 2025/06/27 06:46:20 - Registering project ProyectoSmartMed in the Hop container configuration
[2025-06-27T06:46:20.447+0000] {docker.py:436} INFO - 2025/06/27 06:46:20 - /opt/hop/hop-conf.sh --project=ProyectoSmartMed --project-create --project-home='/files' --project-config-file='project-config.json'
[2025-06-27T06:47:22.999+0000] {docker.py:436} INFO - Creating project 'ProyectoSmartMed'
[2025-06-27T06:47:23.552+0000] {docker.py:436} INFO - Project 'ProyectoSmartMed' was created for home folder : /files
[2025-06-27T06:47:23.749+0000] {docker.py:436} INFO - Configuration file for project 'ProyectoSmartMed' was saved to : file:/files/project-config.json
[2025-06-27T06:47:24.020+0000] {docker.py:436} INFO - 2025/06/27 06:47:24 - Not creating an environment in the container
[2025-06-27T06:47:24.021+0000] {docker.py:436} INFO - 2025/06/27 06:47:24 - Running a single hop workflow / pipeline (${PROJECT_HOME}/Pipelines/CARGA_MEDIDORES.hpl)
[2025-06-27T06:47:48.415+0000] {docker.py:436} INFO - 2025/06/27 06:47:48 - HopRun - Enabling project 'ProyectoSmartMed'
[2025-06-27T06:47:48.959+0000] {docker.py:436} INFO - 2025/06/27 06:47:48 - HopRun - Starting pipeline: /files/Pipelines/CARGA_MEDIDORES.hpl
[2025-06-27T06:47:48.971+0000] {docker.py:436} INFO - 2025/06/27 06:47:48 - CARGA_MEDIDORES - Executing this pipeline using the Local Pipeline Engine with run configuration 'local'
[2025-06-27T06:47:49.023+0000] {docker.py:436} INFO - 2025/06/27 06:47:49 - CARGA_MEDIDORES - Execution started for pipeline [CARGA_MEDIDORES]
[2025-06-27T06:48:04.114+0000] {docker.py:436} INFO - 2025/06/27 06:48:04 - as_meter.0 - Finished reading query, closing connection.
[2025-06-27T06:48:04.126+0000] {docker.py:436} INFO - 2025/06/27 06:48:04 - as_meter.0 - Finished processing (I=32434, O=0, R=0, W=32434, U=0, E=0)
[2025-06-27T06:48:05.159+0000] {docker.py:436} INFO - 2025/06/27 06:48:05 - medidores.0 - Finished processing (I=0, O=32435, R=32434, W=32434, U=0, E=0)
[2025-06-27T06:48:05.169+0000] {docker.py:436} INFO - 2025/06/27 06:48:05 - CARGA_MEDIDORES - Pipeline duration : 16.197 seconds [ 16.196" ]
[2025-06-27T06:48:05.271+0000] {docker.py:436} INFO - HopRun exit.
[2025-06-27T06:48:05.273+0000] {docker.py:436} INFO - 2025/06/27 06:48:05 - CARGA_MEDIDORES - Execution finished on a local pipeline engine with run configuration 'local'
[2025-06-27T06:48:05.975+0000] {taskinstance.py:441} INFO - ::group::Post task execution logs
[2025-06-27T06:48:06.076+0000] {taskinstance.py:1206} INFO - Marking task as SUCCESS. dag_id=CARGA_MEDIDORES, task_id=run_hop_pipeline, run_id=scheduled__2025-06-27T05:21:00+00:00, execution_date=20250627T052100, start_date=20250627T064618, end_date=20250627T064806
[2025-06-27T06:48:06.167+0000] {local_task_job_runner.py:240} INFO - Task exited with return code 0
[2025-06-27T06:48:06.227+0000] {local_task_job_runner.py:222} INFO - ::endgroup::
[2025-06-27T07:20:45.945+0000] {local_task_job_runner.py:120} INFO - ::group::Pre task execution logs
[2025-06-27T07:20:46.020+0000] {taskinstance.py:2076} INFO - Dependencies all met for dep_context=non-requeueable deps ti=<TaskInstance: CARGA_MEDIDORES.run_hop_pipeline scheduled__2025-06-27T05:21:00+00:00 [queued]>
[2025-06-27T07:20:46.044+0000] {taskinstance.py:2076} INFO - Dependencies all met for dep_context=requeueable deps ti=<TaskInstance: CARGA_MEDIDORES.run_hop_pipeline scheduled__2025-06-27T05:21:00+00:00 [queued]>
[2025-06-27T07:20:46.047+0000] {taskinstance.py:2306} INFO - Starting attempt 1 of 2
[2025-06-27T07:20:46.113+0000] {taskinstance.py:2330} INFO - Executing <Task(DockerOperator): run_hop_pipeline> on 2025-06-27 05:21:00+00:00
[2025-06-27T07:20:46.154+0000] {warnings.py:110} WARNING - /home/***/.local/lib/python3.12/site-packages/***/task/task_runner/standard_task_runner.py:61: DeprecationWarning: This process (pid=67) is multi-threaded, use of fork() may lead to deadlocks in the child.
  pid = os.fork()

[2025-06-27T07:20:46.172+0000] {standard_task_runner.py:63} INFO - Started process 70 to run task
[2025-06-27T07:20:46.178+0000] {standard_task_runner.py:90} INFO - Running: ['***', 'tasks', 'run', 'CARGA_MEDIDORES', 'run_hop_pipeline', 'scheduled__2025-06-27T05:21:00+00:00', '--job-id', '5', '--raw', '--subdir', 'DAGS_FOLDER/apache-hop-dag-pipeline-carga-medidores.py', '--cfg-path', '/tmp/tmp8tq6i0tp']
[2025-06-27T07:20:46.187+0000] {standard_task_runner.py:91} INFO - Job 5: Subtask run_hop_pipeline
[2025-06-27T07:20:46.464+0000] {task_command.py:426} INFO - Running <TaskInstance: CARGA_MEDIDORES.run_hop_pipeline scheduled__2025-06-27T05:21:00+00:00 [running]> on host 5e15c4a8eeb7
[2025-06-27T07:20:46.732+0000] {taskinstance.py:2648} INFO - Exporting env vars: AIRFLOW_CTX_DAG_OWNER='***' AIRFLOW_CTX_DAG_ID='CARGA_MEDIDORES' AIRFLOW_CTX_TASK_ID='run_hop_pipeline' AIRFLOW_CTX_EXECUTION_DATE='2025-06-27T05:21:00+00:00' AIRFLOW_CTX_TRY_NUMBER='1' AIRFLOW_CTX_DAG_RUN_ID='scheduled__2025-06-27T05:21:00+00:00'
[2025-06-27T07:20:46.736+0000] {taskinstance.py:430} INFO - ::endgroup::
[2025-06-27T07:20:46.994+0000] {docker.py:366} INFO - Starting docker container from image apache/hop:latest
[2025-06-27T07:20:47.033+0000] {docker.py:374} WARNING - Using remote engine or docker-in-docker and mounting temporary volume from host is not supported. Falling back to `mount_tmp_dir=False` mode. You can set `mount_tmp_dir` parameter to False to disable mounting and remove the warning
[2025-06-27T07:20:48.405+0000] {docker.py:436} INFO - 2025/06/27 07:20:48 - Running the entrypoint script with PID 6
[2025-06-27T07:20:48.410+0000] {docker.py:436} INFO - 2025/06/27 07:20:48 - The project folder for ProyectoSmartMed is set to: /files
[2025-06-27T07:20:48.412+0000] {docker.py:436} INFO - 2025/06/27 07:20:48 - The specified project folder exists
[2025-06-27T07:20:48.413+0000] {docker.py:436} INFO - 2025/06/27 07:20:48 - Registering project ProyectoSmartMed in the Hop container configuration
[2025-06-27T07:20:48.415+0000] {docker.py:436} INFO - 2025/06/27 07:20:48 - /opt/hop/hop-conf.sh --project=ProyectoSmartMed --project-create --project-home='/files' --project-config-file='project-config.json'
[2025-06-27T07:22:14.520+0000] {docker.py:436} INFO - Creating project 'ProyectoSmartMed'
[2025-06-27T07:22:14.957+0000] {docker.py:436} INFO - Project 'ProyectoSmartMed' was created for home folder : /files
[2025-06-27T07:22:15.238+0000] {docker.py:436} INFO - Configuration file for project 'ProyectoSmartMed' was saved to : file:/files/project-config.json
[2025-06-27T07:22:15.458+0000] {docker.py:436} INFO - 2025/06/27 07:22:15 - Not creating an environment in the container
[2025-06-27T07:22:15.463+0000] {docker.py:436} INFO - 2025/06/27 07:22:15 - Running a single hop workflow / pipeline (${PROJECT_HOME}/Pipelines/CARGA_MEDIDORES.hpl)
[2025-06-27T07:22:50.850+0000] {docker.py:436} INFO - 2025/06/27 07:22:50 - HopRun - Enabling project 'ProyectoSmartMed'
[2025-06-27T07:22:51.674+0000] {docker.py:436} INFO - 2025/06/27 07:22:51 - HopRun - Starting pipeline: /files/Pipelines/CARGA_MEDIDORES.hpl
[2025-06-27T07:22:51.704+0000] {docker.py:436} INFO - 2025/06/27 07:22:51 - CARGA_MEDIDORES - Executing this pipeline using the Local Pipeline Engine with run configuration 'local'
[2025-06-27T07:22:51.769+0000] {docker.py:436} INFO - 2025/06/27 07:22:51 - CARGA_MEDIDORES - Execution started for pipeline [CARGA_MEDIDORES]
[2025-06-27T07:23:06.877+0000] {docker.py:436} INFO - 2025/06/27 07:23:06 - as_meter.0 - Finished reading query, closing connection.
[2025-06-27T07:23:06.884+0000] {docker.py:436} INFO - 2025/06/27 07:23:06 - as_meter.0 - Finished processing (I=32434, O=0, R=0, W=32434, U=0, E=0)
[2025-06-27T07:23:08.151+0000] {docker.py:436} INFO - 2025/06/27 07:23:08 - medidores.0 - Finished processing (I=0, O=32435, R=32434, W=32434, U=0, E=0)
[2025-06-27T07:23:08.179+0000] {docker.py:436} INFO - 2025/06/27 07:23:08 - CARGA_MEDIDORES - Pipeline duration : 16.464 seconds [ 16.463" ]
[2025-06-27T07:23:08.389+0000] {docker.py:436} INFO - HopRun exit.
[2025-06-27T07:23:08.391+0000] {docker.py:436} INFO - 2025/06/27 07:23:08 - CARGA_MEDIDORES - Execution finished on a local pipeline engine with run configuration 'local'
[2025-06-27T07:23:10.018+0000] {taskinstance.py:441} INFO - ::group::Post task execution logs
[2025-06-27T07:23:10.202+0000] {taskinstance.py:1206} INFO - Marking task as SUCCESS. dag_id=CARGA_MEDIDORES, task_id=run_hop_pipeline, run_id=scheduled__2025-06-27T05:21:00+00:00, execution_date=20250627T052100, start_date=20250627T072046, end_date=20250627T072310
[2025-06-27T07:23:10.430+0000] {local_task_job_runner.py:240} INFO - Task exited with return code 0
[2025-06-27T07:23:10.563+0000] {local_task_job_runner.py:222} INFO - ::endgroup::
